[00:00:27] [Server thread/INFO]: galopes has made the advancement [Isn't It Iron Pick]
[00:01:00] [Server thread/WARN]: Can't keep up! Is the server overloaded? Running 2003ms or 40 ticks behind
[00:01:43] [Server thread/INFO]: [branquinho: Teleported branquinho to MeNEIzes]
[00:02:01] [Server thread/INFO]: [zeboi: Teleported zeboi to MeNEIzes]
[00:02:48] [Server thread/INFO]: [zeboi: Teleported zeboi to MeNEIzes]
[00:03:30] [Server thread/INFO]: branquinho suffocated in a wall
[00:03:35] [Server thread/INFO]: [branquinho: Teleported branquinho to MeNEIzes]
[00:03:45] [Server thread/INFO]: MeNEIzes didn't want to live in the same world as branquinho
[00:03:45] [Server thread/INFO]: [branquinho: Killed MeNEIzes]
[00:03:51] [Server thread/INFO]: [MeNEIzes: Teleported MeNEIzes to branquinho]
[00:04:15] [Server thread/WARN]: MeNEIzes moved too quickly! 8.27240056841947,0.0,5.731165629204753
[00:04:19] [Server thread/INFO]: branquinho has made the advancement [Not Today, Thank You]
[00:04:54] [Server thread/WARN]: MeNEIzes moved too quickly! 9.896958082353194,-2.0,-0.068923212597781
[00:04:54] [Server thread/WARN]: Can't keep up! Is the server overloaded? Running 2429ms or 48 ticks behind
[00:05:17] [Server thread/INFO]: <BurtiZ> mete de dia sff
[00:05:23] [Server thread/INFO]: [branquinho: Set the time to 1000]
[00:05:35] [Server thread/INFO]: [MeNEIzes: Set the weather to clear]
[00:05:39] [Server thread/INFO]: <BurtiZ> ainda ta denoite
[00:06:00] [Server thread/WARN]: Can't keep up! Is the server overloaded? Running 2015ms or 40 ticks behind
[00:06:01] [Server thread/INFO]: [branquinho: Teleported branquinho to MeNEIzes]
[00:06:11] [Server thread/INFO]: [zeboi: Teleported zeboi to MeNEIzes]
[00:06:32] [Server thread/INFO]: [zeboi: Teleported zeboi to galopes]
[00:06:32] [Server thread/WARN]: zeboi moved too quickly! -2219.6335425780208,1.0,161.19170172656894
[00:08:44] [Server thread/INFO]: [zeboi: Teleported zeboi to branquinho]
[00:08:44] [Server thread/WARN]: zeboi moved too quickly! 2208.0171220196394,-23.0,-179.858434833811
[00:09:57] [Server thread/WARN]: MeNEIzes moved too quickly! 8.527722516181257,1.0,-5.172155068917391
[00:10:01] [Server thread/WARN]: Can't keep up! Is the server overloaded? Running 4454ms or 89 ticks behind
[00:10:12] [Server thread/INFO]: [galopes: Teleported galopes to branquinho]
[00:11:33] [Server thread/INFO]: [branquinho: Set the weather to clear]
[00:11:34] [Server thread/INFO]: [MeNEIzes: Set the weather to clear]
[00:15:04] [Server thread/WARN]: Can't keep up! Is the server overloaded? Running 2804ms or 56 ticks behind
[00:15:53] [Server thread/INFO]: [MeNEIzes: Set the time to 1000]
[00:15:54] [Server thread/INFO]: branquinho was shot by Skeleton
[00:16:03] [Server thread/INFO]: [branquinho: Teleported branquinho to zeboi]
[00:16:46] [Server thread/INFO]: [MeNEIzes: Set the weather to clear]
[00:17:20] [Server thread/WARN]: MeNEIzes moved too quickly! 4.736342416890238,-1.2315237975870161,-8.973286348506349
[00:17:32] [Server thread/WARN]: MeNEIzes moved too quickly! 7.740107724499012,-0.9215999984741217,-6.289158602337352
[00:18:53] [Server thread/INFO]: zeboi burned to death
[00:19:25] [Server thread/INFO]: galopes burned to death
[00:20:07] [Server thread/WARN]: Can't keep up! Is the server overloaded? Running 2982ms or 59 ticks behind
[00:20:25] [Server thread/INFO]: [zeboi: Teleported zeboi to branquinho]
[00:21:09] [Server thread/WARN]: Fetching packet for removed entity awb['Air'/45893, l='world', x=311.87, y=62.00, z=-53.75]
[00:21:09] [Server thread/WARN]: Fetching packet for removed entity awb['Air'/45893, l='world', x=311.87, y=62.00, z=-53.75]
[00:22:23] [Server thread/INFO]: [MeNEIzes: Teleported MeNEIzes to 19000.5, 75.0, -530.8689239123382]
[00:22:49] [Server thread/WARN]: MeNEIzes moved too quickly! 1.5023252621831489,-1.0,9.966485333309151
[00:22:56] [Server thread/INFO]: [zeboi: Teleported zeboi to branquinho]
[00:22:56] [Server thread/WARN]: zeboi moved too quickly! 14.411593983560124,-1.0,-10.412438512086467
[00:23:08] [Server thread/INFO]: [branquinho: Teleported branquinho to MeNEIzes]
[00:23:08] [Server thread/WARN]: branquinho moved too quickly! 16579.48696824426,48.0,-381.54172706318064
[00:23:14] [Server thread/WARN]: MeNEIzes moved too quickly! -0.8007340559306613,-2.0784000015258783,9.781532014680351
[00:23:18] [Server thread/INFO]: [branquinho: Teleported branquinho to zeboi]
[00:23:18] [Server thread/WARN]: Can't keep up! Is the server overloaded? Running 2023ms or 40 ticks behind
[00:23:24] [Server thread/INFO]: [galopes: Teleported galopes to zeboi]
[00:23:24] [Server thread/WARN]: Fetching packet for removed entity awb['Cobblestone'/47083, l='world', x=2492.24, y=19.00, z=-99.39]
[00:23:24] [Server thread/WARN]: Fetching packet for removed entity awb['Cobblestone'/47190, l='world', x=2490.88, y=20.26, z=-99.69]
[00:23:28] [Server thread/INFO]: <BurtiZ> DIA
[00:23:38] [Server thread/INFO]: [branquinho: Set the weather to clear]
[00:24:01] [Server thread/WARN]: MeNEIzes was kicked for floating too long!
[00:24:01] [Server thread/WARN]: MeNEIzes was kicked for floating too long!
[00:24:01] [Server thread/WARN]: MeNEIzes was kicked for floating too long!
[00:24:01] [Server thread/WARN]: MeNEIzes was kicked for floating too long!
[00:24:01] [Server thread/WARN]: MeNEIzes was kicked for floating too long!
[00:24:01] [Server thread/WARN]: MeNEIzes was kicked for floating too long!
[00:24:01] [Server thread/WARN]: MeNEIzes was kicked for floating too long!
[00:24:01] [Server thread/WARN]: MeNEIzes was kicked for floating too long!
[00:24:01] [Server thread/WARN]: MeNEIzes was kicked for floating too long!
[00:24:01] [Server thread/WARN]: MeNEIzes was kicked for floating too long!
[00:24:01] [Server thread/WARN]: MeNEIzes was kicked for floating too long!
[00:24:01] [Server thread/WARN]: MeNEIzes was kicked for floating too long!
[00:24:01] [Server thread/WARN]: MeNEIzes was kicked for floating too long!
[00:24:01] [Server thread/WARN]: MeNEIzes was kicked for floating too long!
[00:24:01] [Server thread/WARN]: MeNEIzes was kicked for floating too long!
[00:24:01] [Server thread/WARN]: MeNEIzes was kicked for floating too long!
[00:24:01] [Server thread/WARN]: MeNEIzes was kicked for floating too long!
[00:24:01] [Server thread/WARN]: MeNEIzes was kicked for floating too long!
[00:24:01] [Server thread/WARN]: MeNEIzes was kicked for floating too long!
[00:24:01] [Server thread/WARN]: MeNEIzes was kicked for floating too long!
[00:24:01] [Server thread/WARN]: MeNEIzes was kicked for floating too long!
[00:24:02] [Server thread/WARN]: MeNEIzes was kicked for floating too long!
[00:24:02] [Server thread/WARN]: MeNEIzes was kicked for floating too long!
[00:24:02] [Server thread/WARN]: MeNEIzes was kicked for floating too long!
[00:24:02] [Server thread/WARN]: MeNEIzes was kicked for floating too long!
[00:24:02] [Server thread/WARN]: MeNEIzes was kicked for floating too long!
[00:24:02] [Server thread/WARN]: MeNEIzes was kicked for floating too long!
[00:24:02] [Server thread/WARN]: MeNEIzes was kicked for floating too long!
[00:24:02] [Server thread/WARN]: MeNEIzes was kicked for floating too long!
[00:24:02] [Server thread/WARN]: MeNEIzes was kicked for floating too long!
[00:24:02] [Server thread/WARN]: MeNEIzes was kicked for floating too long!
[00:24:02] [Server thread/WARN]: MeNEIzes was kicked for floating too long!
[00:24:02] [Server thread/WARN]: MeNEIzes was kicked for floating too long!
[00:24:02] [Server thread/WARN]: MeNEIzes was kicked for floating too long!
[00:24:02] [Server thread/WARN]: MeNEIzes was kicked for floating too long!
[00:24:02] [Server thread/WARN]: MeNEIzes was kicked for floating too long!
[00:24:02] [Server thread/WARN]: MeNEIzes was kicked for floating too long!
[00:24:02] [Server thread/WARN]: MeNEIzes was kicked for floating too long!
[00:24:02] [Server thread/WARN]: MeNEIzes was kicked for floating too long!
[00:24:02] [Server thread/WARN]: MeNEIzes was kicked for floating too long!
[00:24:03] [Server thread/WARN]: MeNEIzes was kicked for floating too long!
[00:24:03] [Server thread/WARN]: MeNEIzes was kicked for floating too long!
[00:24:03] [Server thread/WARN]: MeNEIzes was kicked for floating too long!
[00:24:03] [Server thread/WARN]: MeNEIzes was kicked for floating too long!
[00:24:03] [Server thread/WARN]: MeNEIzes was kicked for floating too long!
[00:24:03] [Server thread/WARN]: MeNEIzes was kicked for floating too long!
[00:24:03] [Server thread/WARN]: MeNEIzes was kicked for floating too long!
[00:24:03] [Server thread/WARN]: MeNEIzes was kicked for floating too long!
[00:24:03] [Server thread/WARN]: MeNEIzes was kicked for floating too long!
[00:24:03] [Server thread/WARN]: MeNEIzes was kicked for floating too long!
[00:24:03] [Server thread/WARN]: MeNEIzes was kicked for floating too long!
[00:24:03] [Server thread/WARN]: MeNEIzes was kicked for floating too long!
[00:24:03] [Server thread/WARN]: MeNEIzes was kicked for floating too long!
[00:24:03] [Server thread/WARN]: MeNEIzes was kicked for floating too long!
[00:24:03] [Server thread/WARN]: MeNEIzes was kicked for floating too long!
[00:24:03] [Server thread/WARN]: MeNEIzes was kicked for floating too long!
[00:24:03] [Server thread/WARN]: MeNEIzes was kicked for floating too long!
[00:24:03] [Server thread/WARN]: MeNEIzes was kicked for floating too long!
[00:24:03] [Server thread/WARN]: MeNEIzes was kicked for floating too long!
[00:24:03] [Server thread/WARN]: MeNEIzes was kicked for floating too long!
[00:24:03] [Server thread/WARN]: MeNEIzes was kicked for floating too long!
[00:24:04] [Server thread/WARN]: MeNEIzes was kicked for floating too long!
[00:24:04] [Server thread/WARN]: MeNEIzes was kicked for floating too long!
[00:24:04] [Server thread/WARN]: MeNEIzes was kicked for floating too long!
[00:24:04] [Server thread/WARN]: MeNEIzes was kicked for floating too long!
[00:24:04] [Server thread/WARN]: MeNEIzes was kicked for floating too long!
[00:24:04] [Server thread/WARN]: MeNEIzes was kicked for floating too long!
[00:24:04] [Server thread/WARN]: MeNEIzes was kicked for floating too long!
[00:24:04] [Server thread/WARN]: MeNEIzes was kicked for floating too long!
[00:24:04] [Server thread/WARN]: MeNEIzes was kicked for floating too long!
[00:24:04] [Server thread/WARN]: MeNEIzes was kicked for floating too long!
[00:24:04] [Server thread/WARN]: MeNEIzes was kicked for floating too long!
[00:24:04] [Server thread/WARN]: MeNEIzes was kicked for floating too long!
[00:24:04] [Server thread/WARN]: MeNEIzes was kicked for floating too long!
[00:24:04] [Server thread/WARN]: MeNEIzes was kicked for floating too long!
[00:24:04] [Server thread/INFO]: MeNEIzes lost connection: Flying is not enabled on this server
[00:24:04] [Server thread/INFO]: MeNEIzes left the game
[00:24:14] [Server thread/INFO]: MeNEIzes[/25.16.68.110:49423] logged in with entity id 47651 at (19154.008483890997, 72.25220334025373, -425.2599179006488)
[00:24:14] [Server thread/INFO]: MeNEIzes joined the game
[00:24:36] [Server thread/WARN]: Boat (vehicle of MeNEIzes) moved too quickly! 9.455064590991242,-1.0663589371517901E-5,3.406558840142054
[00:24:36] [Server thread/WARN]: Boat (vehicle of MeNEIzes) moved too quickly! 9.731833877758618,-1.0663589371517901E-5,3.6685539316528093
[00:24:36] [Server thread/WARN]: Boat (vehicle of MeNEIzes) moved too quickly! 9.999947613669065,-1.0663589371517901E-5,3.939535563813706
[00:24:36] [Server thread/WARN]: Boat (vehicle of MeNEIzes) moved too quickly! 10.259674921999249,-1.0663589371517901E-5,4.218921076369725
[00:24:36] [Server thread/WARN]: Boat (vehicle of MeNEIzes) moved too quickly! 10.511314537521685,-1.0663589371517901E-5,4.506145152791419
[00:24:36] [Server thread/WARN]: Boat (vehicle of MeNEIzes) moved too quickly! 10.755186492111534,-1.0663589371517901E-5,4.800664146949032
[00:24:36] [Server thread/WARN]: Boat (vehicle of MeNEIzes) moved too quickly! 10.991624233189214,-1.0663589371517901E-5,5.101959377347725
[00:24:36] [Server thread/WARN]: Boat (vehicle of MeNEIzes) moved too quickly! 11.220970709848189,-1.0663589371517901E-5,5.409537968523637
[00:24:36] [Server thread/WARN]: Boat (vehicle of MeNEIzes) moved too quickly! 11.443571147443436,-1.0663589371517901E-5,5.722934848821808
[00:24:36] [Server thread/WARN]: Boat (vehicle of MeNEIzes) moved too quickly! 11.659773375027726,-1.0663589371517901E-5,6.041711106228377
[00:25:07] [Server thread/INFO]: [branquinho: Teleported branquinho to MeNEIzes]
[00:25:07] [Server thread/WARN]: branquinho moved too quickly! 16747.62546609937,48.0,-232.69827209155713
[00:25:12] [Server thread/WARN]: Can't keep up! Is the server overloaded? Running 3471ms or 69 ticks behind
[00:25:12] [Server thread/WARN]: Mismatch in destroy block pos: fk{x=19253, y=66, z=-323} fk{x=19252, y=72, z=-329}
[00:25:41] [Server thread/INFO]: [galopes: Teleported galopes to branquinho]
[00:25:45] [Server thread/INFO]: [zeboi: Teleported zeboi to branquinho]
[00:26:12] [Server thread/INFO]: [branquinho: Teleported branquinho to BurtiZ]
[00:26:12] [Server thread/WARN]: branquinho moved too quickly! -18938.66360352581,7.0,294.64770883579325
[00:26:18] [Server thread/INFO]: [MeNEIzes: Set the time to 1000]
[00:26:49] [Server thread/INFO]: <BurtiZ> HA FIOS DE ARANHA?
[00:26:50] [Server thread/WARN]: MeNEIzes moved too quickly! -3.9601141244202154,-0.32486510296786264,-9.3465148770253
[00:27:19] [Server thread/INFO]: <BurtiZ> DA PARA FAZER DEGRAU DE LA?
[00:28:28] [Server thread/WARN]: MeNEIzes moved too quickly! 10.068815045589872,0.41999998688697815,-0.6525938978838894
[00:28:49] [Server thread/INFO]: [MeNEIzes: Set the weather to clear]
[00:29:49] [Server thread/INFO]: [galopes: Teleported galopes to BurtiZ]
[00:30:15] [Server thread/WARN]: Can't keep up! Is the server overloaded? Running 2642ms or 52 ticks behind
[00:31:07] [Server thread/INFO]: zeboi has made the advancement [Diamonds!]
[00:31:25] [Server thread/INFO]: [branquinho: Teleported branquinho to zeboi]
[00:31:25] [Server thread/WARN]: branquinho moved too quickly! 18943.58609874715,-3.0,-304.99253178410646
[00:32:02] [Server thread/INFO]: [galopes: Teleported galopes to branquinho]
[00:32:38] [Server thread/INFO]: [galopes: Teleported galopes to zeboi]
[00:32:52] [Server thread/INFO]: [galopes: Teleported galopes to zeboi]
[00:33:15] [Server thread/WARN]: Mismatch in destroy block pos: fk{x=19262, y=75, z=-298} fk{x=19262, y=74, z=-299}
[00:33:54] [Server thread/INFO]: [zeboi: Teleported zeboi to branquinho]
[00:34:05] [Server thread/INFO]: [MeNEIzes: Set the weather to clear]
[00:34:12] [Server thread/INFO]: [branquinho: Set the weather to clear]
[00:34:17] [Server thread/INFO]: [BurtiZ: Teleported BurtiZ to galopes]
[00:34:17] [Server thread/WARN]: BurtiZ moved too quickly! 19125.230813428057,-8.988071701780385,-381.24369948832356
[00:34:41] [Server thread/INFO]: [BurtiZ: Teleported BurtiZ to zeboi]
[00:34:41] [Server thread/WARN]: BurtiZ moved too quickly! -74.42498465551034,5.0,23.311179981958844
[00:34:51] [Server thread/INFO]: <BurtiZ> ta alguem em casa
[00:35:18] [Server thread/WARN]: Can't keep up! Is the server overloaded? Running 3580ms or 71 ticks behind
[00:35:23] [Server thread/WARN]: Mismatch in destroy block pos: fk{x=19397, y=72, z=-729} fk{x=19397, y=71, z=-729}
[00:35:24] [Server thread/WARN]: Mismatch in destroy block pos: fk{x=19397, y=72, z=-730} fk{x=19398, y=71, z=-729}
[00:35:24] [Server thread/WARN]: Mismatch in destroy block pos: fk{x=19396, y=72, z=-731} fk{x=19398, y=71, z=-729}
[00:35:24] [Server thread/WARN]: Mismatch in destroy block pos: fk{x=19396, y=72, z=-731} fk{x=19398, y=71, z=-729}
[00:35:24] [Server thread/WARN]: Mismatch in destroy block pos: fk{x=19395, y=72, z=-731} fk{x=19398, y=71, z=-729}
[00:35:24] [Server thread/WARN]: Mismatch in destroy block pos: fk{x=19397, y=72, z=-731} fk{x=19396, y=71, z=-732}
[00:35:24] [Server thread/WARN]: Mismatch in destroy block pos: fk{x=19398, y=72, z=-730} fk{x=19396, y=71, z=-732}
[00:35:24] [Server thread/WARN]: Mismatch in destroy block pos: fk{x=19399, y=72, z=-729} fk{x=19399, y=71, z=-730}
[00:35:24] [Server thread/WARN]: Mismatch in destroy block pos: fk{x=19399, y=72, z=-730} fk{x=19400, y=71, z=-730}
[00:35:24] [Server thread/WARN]: Mismatch in destroy block pos: fk{x=19399, y=72, z=-730} fk{x=19400, y=71, z=-730}
[00:35:24] [Server thread/WARN]: Mismatch in destroy block pos: fk{x=19400, y=72, z=-730} fk{x=19400, y=71, z=-731}
[00:35:56] [Server thread/INFO]: <BurtiZ> alguem q va para casa pls
[00:36:03] [Server thread/INFO]: <BurtiZ> preciso de ir la
[00:36:09] [Server thread/INFO]: BurtiZ fell out of the world
[00:36:09] [Server thread/INFO]: [branquinho: Killed BurtiZ]
[00:36:23] [Server thread/INFO]: <BurtiZ> n fiquei em casa
[00:36:32] [Server thread/WARN]: MeNEIzes moved too quickly! 9.928928072127746,2.0,-0.4023889201818065
[00:36:33] [Server thread/INFO]: <BurtiZ> vou para a aldeia
[00:36:37] [Server thread/INFO]: <galopes> metam de dia crl
[00:36:46] [Server thread/INFO]: [branquinho: Set the weather to clear]
[00:36:50] [Server thread/INFO]: [branquinho: Set the time to 1000]
[00:37:05] [Server thread/INFO]: [branquinho: Teleported branquinho to BurtiZ]
[00:37:05] [Server thread/WARN]: branquinho moved too quickly! -18943.706636952822,-6.0,261.51054245714687
[00:37:07] [Server thread/WARN]: MeNEIzes moved too quickly! 5.168402554030763,-9.25376447367438,-0.6243600229455524
[00:37:15] [Server thread/WARN]: MeNEIzes moved too quickly! 9.38269754916837,2.166394404071333,-3.158224554870344
[00:37:43] [Server thread/INFO]: [zeboi: Teleported zeboi to branquinho]
[00:37:43] [Server thread/WARN]: zeboi moved too quickly! -18885.88500392254,-8.0,269.6016608326894
[00:40:23] [Server thread/WARN]: BurtiZ moved too quickly! -0.009747711202521714,1.0013359791121417,10.069888002966294
[00:40:23] [Server thread/WARN]: Can't keep up! Is the server overloaded? Running 5042ms or 100 ticks behind
[00:40:43] [Server thread/INFO]: [BurtiZ: Teleported BurtiZ to zeboi]
[00:40:43] [Server thread/WARN]: BurtiZ moved too quickly! 147.56471354557306,-7.0,-147.16547004568855
[00:41:10] [Server thread/INFO]: MeNEIzes has made the advancement [Ol' Betsy]
[00:41:31] [Server thread/WARN]: Fetching packet for removed entity awb['Air'/56826, l='world', x=311.00, y=63.00, z=-51.67]
[00:41:31] [Server thread/WARN]: Fetching packet for removed entity awb['Air'/56826, l='world', x=311.00, y=63.00, z=-51.67]
[00:41:31] [Server thread/WARN]: Fetching packet for removed entity awb['Air'/56826, l='world', x=311.00, y=63.00, z=-51.67]
[00:41:44] [Server thread/INFO]: MeNEIzes lost connection: Disconnected
[00:41:44] [Server thread/INFO]: MeNEIzes left the game
[00:42:15] [Server thread/INFO]: MeNEIzes[/25.16.68.110:49540] logged in with entity id 57107 at (19799.286104655956, 67.0, -496.4387069346176)
[00:42:15] [Server thread/INFO]: MeNEIzes joined the game
[00:42:18] [Server thread/INFO]: [galopes: Teleported galopes to branquinho]
[00:42:18] [Server thread/WARN]: Fetching packet for removed entity akw['Experience Orb'/57292, l='world', x=337.25, y=66.37, z=-8.34]
[00:42:27] [Server thread/INFO]: [MeNEIzes: Set the weather to clear]
[00:42:33] [Server thread/WARN]: Fetching packet for removed entity awb['Air'/57464, l='world', x=311.45, y=63.00, z=-51.80]
[00:42:33] [Server thread/WARN]: Fetching packet for removed entity awb['Air'/57464, l='world', x=311.45, y=63.00, z=-51.80]
[00:42:33] [Server thread/WARN]: Fetching packet for removed entity awb['Air'/57464, l='world', x=311.45, y=63.00, z=-51.80]
[00:42:33] [Server thread/WARN]: Fetching packet for removed entity awb['Air'/57464, l='world', x=311.45, y=63.00, z=-51.80]
[00:45:18] [Server thread/INFO]: [MeNEIzes: Removed 460 items from player MeNEIzes]
[00:45:26] [Server thread/WARN]: Can't keep up! Is the server overloaded? Running 2317ms or 46 ticks behind
[00:47:22] [Server thread/INFO]: [branquinho: Teleported branquinho to MeNEIzes]
[00:47:35] [Server thread/INFO]: [branquinho: Teleported branquinho to zeboi]
[00:47:41] [Server thread/INFO]: [branquinho: Set the time to 1000]
[00:47:45] [Server thread/INFO]: [branquinho: Set the weather to clear]
[00:47:52] [Server thread/WARN]: galopes moved wrongly!
[00:50:28] [Server thread/WARN]: Can't keep up! Is the server overloaded? Running 2009ms or 40 ticks behind
[00:50:35] [Server thread/WARN]: MeNEIzes moved wrongly!
[00:50:59] [Server thread/INFO]: [branquinho: Teleported branquinho to zeboi]
[00:51:27] [Server thread/INFO]: <BurtiZ> enxadar aahahaha
[00:51:31] [Server thread/INFO]: <galopes> xD
[00:51:39] [Server thread/WARN]: Fetching packet for removed entity awb['Air'/62390, l='world', x=312.80, y=62.00, z=-52.68]
[00:51:39] [Server thread/WARN]: Fetching packet for removed entity awb['Air'/62390, l='world', x=312.80, y=62.00, z=-52.68]
[00:51:39] [Server thread/WARN]: Fetching packet for removed entity awb['Air'/62390, l='world', x=312.80, y=62.00, z=-52.68]
[00:51:54] [Server thread/INFO]: branquinho has made the advancement [A Seedy Place]
[00:52:11] [Server thread/WARN]: Fetching packet for removed entity awb['Air'/62568, l='world', x=309.67, y=62.00, z=-56.78]
[00:52:11] [Server thread/WARN]: Fetching packet for removed entity awb['Air'/62568, l='world', x=309.67, y=62.00, z=-56.78]
[00:52:11] [Server thread/WARN]: Fetching packet for removed entity awb['Air'/62568, l='world', x=309.67, y=62.00, z=-56.78]
[00:52:41] [Server thread/INFO]: [zeboi: Teleported zeboi to galopes]
[00:52:41] [Server thread/WARN]: zeboi moved too quickly! -388.47673781544296,10.0,-152.17691960368873
[00:52:53] [Server thread/INFO]: [zeboi: Teleported zeboi to branquinho]
[00:53:32] [Server thread/INFO]: [zeboi: Set the weather to clear]
[00:53:33] [Server thread/INFO]: [branquinho: Set the weather to clear]
[00:54:26] [Server thread/INFO]: <BurtiZ> o galinheiro onde fica
[00:54:39] [Server thread/WARN]: Fetching packet for removed entity awb['Air'/64711, l='world', x=310.96, y=62.00, z=-53.37]
[00:54:39] [Server thread/WARN]: Fetching packet for removed entity awb['Air'/64711, l='world', x=310.96, y=62.00, z=-53.37]
[00:54:39] [Server thread/WARN]: Fetching packet for removed entity awb['Air'/64711, l='world', x=310.96, y=62.00, z=-53.37]
[00:54:39] [Server thread/WARN]: Fetching packet for removed entity awb['Air'/64711, l='world', x=310.96, y=62.00, z=-53.37]
[00:54:41] [Server thread/INFO]: <BurtiZ> mas é para ficar ali?
[00:55:19] [Server thread/INFO]: [branquinho: Teleported branquinho to BurtiZ]
[00:55:19] [Server thread/WARN]: branquinho moved too quickly! -21.74638237910716,2.0,-26.76699450160111
[00:55:30] [Server thread/INFO]: [zeboi: Teleported zeboi to BurtiZ]
[00:55:30] [Server thread/WARN]: MeNEIzes moved too quickly! 3.7569738133279316,-0.2046003784434305,-9.388809729478453
[00:55:30] [Server thread/WARN]: Can't keep up! Is the server overloaded? Running 2620ms or 52 ticks behind
[00:56:27] [Server thread/WARN]: MeNEIzes moved too quickly! 10.07756586699179,0.0,-0.38668660191274284
[00:56:49] [Server thread/INFO]: <BurtiZ> onde querem q faça o galinherio?
[00:56:57] [Server thread/INFO]: <galopes> piscina no roof top
[00:57:00] [Server thread/INFO]: <BurtiZ> eu tenho jacuzzi no quarto
[00:57:17] [Server thread/INFO]: <galopes> esta estragado, a agua esta fria
[00:57:28] [Server thread/INFO]: [branquinho: Set the time to 1000]
[00:57:32] [Server thread/WARN]: Fetching packet for removed entity awb['Air'/66006, l='world', x=311.99, y=62.00, z=-52.27]
[00:57:32] [Server thread/WARN]: Fetching packet for removed entity awb['Air'/66006, l='world', x=311.99, y=62.00, z=-52.27]
[00:57:32] [Server thread/WARN]: Fetching packet for removed entity awb['Air'/66006, l='world', x=311.99, y=62.00, z=-52.27]
[00:57:32] [Server thread/WARN]: Fetching packet for removed entity awb['Air'/66006, l='world', x=311.99, y=62.00, z=-52.27]
[00:58:57] [Server thread/INFO]: [zeboi: Set the weather to clear]
[00:59:32] [Server thread/INFO]: MeNEIzes lost connection: Timed out
[00:59:32] [Server thread/INFO]: MeNEIzes left the game
[00:59:37] [Server thread/INFO]: galopes lost connection: Timed out
[00:59:37] [Server thread/INFO]: galopes left the game
[00:59:46] [Server thread/INFO]: MeNEIzes[/25.16.68.110:49559] logged in with entity id 66914 at (19827.60220959902, 67.0625, -1887.9195287089285)
[00:59:46] [Server thread/INFO]: MeNEIzes joined the game
[00:59:59] [Server thread/INFO]: MeNEIzes was slain by Vindicator
[01:00:06] [Server thread/FATAL]: Error executing task on Server
java.lang.NullPointerException: null
	at ww.b(SourceFile:201) ~[server.jar:?]
	at wp.a(SourceFile:904) ~[server.jar:?]
	at xb.a(SourceFile:479) ~[server.jar:?]
	at xv.a(SourceFile:848) ~[server.jar:?]
	at qd.a(SourceFile:122) ~[server.jar:?]
	at qd$a.a(SourceFile:56) ~[server.jar:?]
	at lv.a(SourceFile:21) ~[server.jar:?]
	at tb.run(SourceFile:18) ~[server.jar:?]
	at ais.c(SourceFile:144) [server.jar:?]
	at aiw.c(SourceFile:23) [server.jar:?]
	at net.minecraft.server.MinecraftServer.b(SourceFile:743) [server.jar:?]
	at net.minecraft.server.MinecraftServer.c(SourceFile:138) [server.jar:?]
	at ais.w(SourceFile:118) [server.jar:?]
	at net.minecraft.server.MinecraftServer.ba(SourceFile:725) [server.jar:?]
	at net.minecraft.server.MinecraftServer.w(SourceFile:719) [server.jar:?]
	at ais.c(SourceFile:127) [server.jar:?]
	at net.minecraft.server.MinecraftServer.v(SourceFile:704) [server.jar:?]
	at net.minecraft.server.MinecraftServer.run(SourceFile:659) [server.jar:?]
	at java.lang.Thread.run(Unknown Source) [?:1.8.0_161]
[01:00:06] [Server thread/WARN]: MeNEIzes moved wrongly!
[01:00:15] [Server thread/INFO]: [branquinho: Teleported branquinho to MeNEIzes]
[01:00:15] [Server thread/WARN]: branquinho moved too quickly! 19491.696002577017,1.8592356006687112,-1883.2503466755697
[01:00:15] [Server thread/WARN]: branquinho moved too quickly! 19491.696002577017,1.8592356006687112,-1883.2503466755697
[01:00:32] [Server thread/INFO]: branquinho was slain by Vindicator
[01:00:41] [Server thread/INFO]: MeNEIzes lost connection: Timed out
[01:00:42] [Server thread/INFO]: MeNEIzes left the game
[01:00:49] [Server thread/INFO]: MeNEIzes[/25.16.68.110:49565] logged in with entity id 67366 at (19828.742209659318, 67.85923560066871, -1888.1417207953782)
[01:00:49] [Server thread/INFO]: MeNEIzes joined the game
[01:01:22] [Server thread/INFO]: [MeNEIzes: Teleported MeNEIzes to 19824.5, 71.0, -1499.5]
[01:02:16] [Server thread/INFO]: [MeNEIzes: Teleported MeNEIzes to 19824.5, 70.0, -1919.5]
[01:03:00] [Server thread/INFO]: MeNEIzes was slain by Vindicator
[01:03:02] [Server thread/WARN]: Fetching packet for removed entity awb['Air'/68544, l='world', x=311.90, y=62.00, z=-56.80]
[01:03:02] [Server thread/WARN]: Fetching packet for removed entity awb['Air'/68544, l='world', x=311.90, y=62.00, z=-56.80]
[01:03:02] [Server thread/WARN]: Fetching packet for removed entity awb['Air'/68544, l='world', x=311.90, y=62.00, z=-56.80]
[01:03:02] [Server thread/WARN]: Fetching packet for removed entity awb['Air'/68544, l='world', x=311.90, y=62.00, z=-56.80]
[01:03:35] [Server thread/INFO]: zeboi has made the advancement [A Seedy Place]
[01:05:05] [Server thread/INFO]: [branquinho: Set the time to 1000]
[01:05:08] [Server thread/INFO]: [branquinho: Set the weather to clear]
[01:05:13] [Server thread/INFO]: <BurtiZ> tem madeira da escura?
[01:07:20] [Server thread/INFO]: [MeNEIzes: Teleported MeNEIzes to 19824.5, 70.0, -1919.5]
[01:07:30] [Server thread/INFO]: [branquinho: Teleported branquinho to MeNEIzes]
[01:07:31] [Server thread/WARN]: branquinho moved too quickly! 19522.45449791156,2.0,-1855.8658003169219
[01:07:40] [Server thread/INFO]: [zeboi: Teleported zeboi to MeNEIzes]
[01:07:40] [Server thread/WARN]: zeboi moved too quickly! 19521.519905280562,1.0,-1903.7193140285926
[01:08:08] [Server thread/WARN]: Fetching packet for removed entity awb['Air'/69716, l='world', x=311.87, y=62.00, z=-56.36]
[01:10:46] [Server thread/INFO]: <BurtiZ> dia
[01:10:52] [Server thread/INFO]: [branquinho: Set the weather to clear]
[01:10:57] [Server thread/INFO]: [branquinho: Set the time to 1000]
[01:11:01] [Server thread/INFO]: zeboi was slain by Wolf
[01:11:03] [Server thread/INFO]: MeNEIzes was slain by Vex
[01:11:10] [Server thread/INFO]: [zeboi: Teleported zeboi to MeNEIzes]
[01:11:10] [Server thread/WARN]: zeboi moved too quickly! 5.313570464793884,7.000000200000002,-6.650299407462288
[01:11:13] [Server thread/INFO]: [MeNEIzes: Teleported MeNEIzes to branquinho]
[01:11:24] [Server thread/INFO]: [zeboi: Teleported zeboi to MeNEIzes]
[01:12:16] [Server thread/INFO]: [branquinho: Teleported branquinho to zeboi]
[01:12:16] [Server thread/WARN]: branquinho moved too quickly! 36.92300824578342,8.9375,-31.49507635688383
[01:12:27] [Server thread/INFO]: branquinho was killed by Evoker using magic
[01:12:34] [Server thread/INFO]: [branquinho: Teleported branquinho to MeNEIzes]
[01:12:34] [Server thread/WARN]: branquinho moved too quickly! 19588.634359991916,5.0625,-1961.195537505323
[01:12:55] [Server thread/INFO]: MeNEIzes was slain by Vindicator
[01:13:04] [Server thread/INFO]: [MeNEIzes: Teleported MeNEIzes to branquinho]
[01:13:20] [Server thread/INFO]: branquinho was slain by Vex
[01:13:24] [Server thread/INFO]: [branquinho: Teleported branquinho to MeNEIzes]
[01:13:24] [Server thread/WARN]: branquinho moved too quickly! 19629.165361762167,7.121296840539202,-1928.8946391044938
[01:13:34] [Server thread/INFO]: branquinho fell from a high place
[01:13:38] [Server thread/INFO]: [branquinho: Teleported branquinho to MeNEIzes]
[01:13:38] [Server thread/WARN]: branquinho moved too quickly! 19616.85789387734,6.0625,-1941.8020776217365
[01:13:45] [Server thread/INFO]: [branquinho: Teleported branquinho to zeboi]
[01:13:45] [Server thread/WARN]: branquinho moved too quickly! -35.49310481339853,2.0625,-8.399661734043548
[01:14:12] [Server thread/INFO]: branquinho was slain by Vindicator
[01:14:15] [Server thread/INFO]: [branquinho: Teleported branquinho to zeboi]
[01:14:15] [Server thread/WARN]: branquinho moved too quickly! 19601.80000001192,19.0,-1935.1899340690186
[01:14:23] [Server thread/INFO]: zeboi hit the ground too hard whilst trying to escape Vindicator
[01:14:31] [Server thread/INFO]: branquinho was slain by Vindicator
[01:14:36] [Server thread/INFO]: [branquinho: Teleported branquinho to zeboi]
[01:14:36] [Server thread/WARN]: branquinho moved too quickly! 82.5141940730226,-4.0,-72.77515898685641
[01:14:40] [Server thread/INFO]: [zeboi: Teleported zeboi to MeNEIzes]
[01:15:12] [Server thread/INFO]: MeNEIzes fell from a high place
[01:15:19] [Server thread/INFO]: [branquinho: Teleported branquinho to zeboi]
[01:15:19] [Server thread/WARN]: branquinho moved too quickly! 19512.485245671476,12.615713387015234,-1876.837888579091
[01:15:22] [Server thread/INFO]: zeboi was slain by Vindicator
[01:15:23] [Server thread/INFO]: [MeNEIzes: Teleported MeNEIzes to zeboi]
[01:15:29] [Server thread/INFO]: [zeboi: Teleported zeboi to branquinho]
[01:15:29] [Server thread/WARN]: zeboi moved too quickly! 19519.80677543718,11.999999799999998,-1883.4199342674026
[01:16:06] [Server thread/INFO]: [branquinho: Set the weather to clear]
[01:16:52] [Server thread/INFO]: MeNEIzes was blown up by Creeper
[01:17:06] [Server thread/INFO]: [MeNEIzes: Teleported MeNEIzes to branquinho]
[01:17:44] [Server thread/INFO]: branquinho was slain by Vex
[01:17:48] [Server thread/INFO]: [branquinho: Teleported branquinho to MeNEIzes]
[01:17:48] [Server thread/WARN]: branquinho moved too quickly! 19591.628198206377,6.311687078744683,-1914.768612230646
[01:17:59] [Server thread/INFO]: MeNEIzes was slain by Vex
[01:18:15] [Server thread/INFO]: branquinho hit the ground too hard whilst trying to escape Vex
[01:18:16] [Server thread/INFO]: <BurtiZ> como faço um gate fence?
[01:18:17] [Server thread/INFO]: <MeNEIzes> anda ajudar
[01:18:26] [Server thread/INFO]: [branquinho: Teleported branquinho to BurtiZ]
[01:18:26] [Server thread/WARN]: branquinho moved too quickly! 55.10294633797304,-6.0,-89.69714113402023
[01:18:27] [Server thread/INFO]: [MeNEIzes: Teleported MeNEIzes to zeboi]
[01:19:00] [Server thread/INFO]: MeNEIzes was slain by Vex
[01:19:09] [Server thread/INFO]: zeboi was slain by Vex
[01:19:25] [Server thread/INFO]: [MeNEIzes: Teleported MeNEIzes to 19824.5, 70.0, -1919.5]
[01:19:31] [Server thread/INFO]: [MeNEIzes: Teleported branquinho to MeNEIzes]
[01:19:31] [Server thread/WARN]: branquinho moved too quickly! 19499.185070109856,3.5,-1896.3938711057453
[01:19:37] [Server thread/INFO]: [MeNEIzes: Teleported zeboi to MeNEIzes]
[01:19:37] [Server thread/WARN]: zeboi moved too quickly! 19499.262867834925,3.5,-1895.960426758782
[01:19:44] [Server thread/INFO]: [MeNEIzes: Teleported BurtiZ to MeNEIzes]
[01:19:44] [Server thread/WARN]: BurtiZ moved too quickly! 19511.81158662452,6.5,-1863.1664185268883
[01:19:44] [Server thread/WARN]: BurtiZ moved too quickly! 19511.81158662452,6.5,-1863.1664185268883
[01:20:48] [Server thread/INFO]: <BurtiZ> comida pls
[01:21:07] [Server thread/INFO]: <BurtiZ> de quem é isto?
[01:21:11] [Server thread/INFO]: branquinho was slain by Vex
[01:21:20] [Server thread/INFO]: [branquinho: Teleported branquinho to MeNEIzes]
[01:21:20] [Server thread/WARN]: branquinho moved too quickly! 19592.352133751505,18.482499986886978,-1892.5913705601868
[01:21:21] [Server thread/INFO]: [zeboi: Set the weather to clear]
[01:21:25] [Server thread/INFO]: <BurtiZ> dia
[01:21:28] [Server thread/INFO]: <BurtiZ> e comida
[01:21:49] [Server thread/INFO]: [zeboi: Set the time to 1000]
[01:21:50] [Server thread/INFO]: <BurtiZ> comida
[01:22:21] [Server thread/INFO]: <BurtiZ> como se faz escudo
[01:23:22] [Server thread/INFO]: zeboi fell out of the world
[01:23:22] [Server thread/INFO]: [branquinho: Killed zeboi]
[01:23:24] [Server thread/INFO]: [branquinho: Teleported branquinho to zeboi]
[01:23:24] [Server thread/WARN]: branquinho moved too quickly! 40.48613571001988,0.0,-6.607599665989255
[01:23:24] [Server thread/WARN]: branquinho moved too quickly! 40.48613571001988,0.0,-6.607599665989255
[01:23:25] [Server thread/WARN]: branquinho moved too quickly! 40.48613571001988,0.0,-6.607599665989255
[01:23:30] [Server thread/INFO]: [branquinho: Teleported branquinho to zeboi]
[01:23:30] [Server thread/WARN]: branquinho moved too quickly! -19551.49084593295,-22.0,1860.90217906047
[01:23:30] [Server thread/WARN]: branquinho moved too quickly! -19551.49084593295,-22.0,1860.90217906047
[01:23:31] [Server thread/INFO]: [BurtiZ: Teleported BurtiZ to zeboi]
[01:23:31] [Server thread/WARN]: BurtiZ moved too quickly! -19509.907721736043,-22.0,1848.5156118864013
[01:23:31] [Server thread/WARN]: BurtiZ moved too quickly! -19509.907721736043,-22.0,1848.5156118864013
[01:23:42] [Server thread/INFO]: <BurtiZ> como faço gate fence
[01:23:47] [Server thread/INFO]: <BurtiZ> foi eu q te dei
[01:23:55] [Server thread/INFO]: <BurtiZ> ey tinha 30
[01:24:01] [Server thread/INFO]: <BurtiZ> apanhei ontem
[01:25:52] [Server thread/INFO]: [MeNEIzes: Teleported MeNEIzes to branquinho]
[01:26:22] [Server thread/INFO]: MeNEIzes lost connection: Disconnected
[01:26:22] [Server thread/INFO]: MeNEIzes left the game
[01:26:39] [Server thread/INFO]: [branquinho: Set the weather to clear]
[01:31:25] [Server thread/INFO]: zeboi lost connection: Disconnected
[01:31:25] [Server thread/INFO]: zeboi left the game
[01:32:02] [Server thread/INFO]: <BurtiZ> ja acabei o galinheiro
[01:32:08] [Server thread/INFO]: <BurtiZ> tb vou bazar
[01:32:14] [Server thread/INFO]: <BurtiZ> ptt
[01:32:25] [Server thread/INFO]: <BurtiZ> galineiro
[01:32:39] [Server thread/INFO]: <BurtiZ> n q fojem
[01:32:45] [Server thread/INFO]: <BurtiZ> so estetico
[01:32:51] [Server thread/INFO]: <BurtiZ> xau
[01:32:53] [Server thread/INFO]: BurtiZ lost connection: Disconnected
[01:32:53] [Server thread/INFO]: BurtiZ left the game
[01:33:13] [Server thread/INFO]: branquinho lost connection: Disconnected
[01:33:13] [Server thread/INFO]: branquinho left the game
[01:34:11] [Server thread/INFO]: Stopping server
[01:34:11] [Server thread/INFO]: Saving players
[01:34:11] [Server thread/INFO]: Saving worlds
[01:34:11] [Server thread/INFO]: Saving chunks for level 'world'/minecraft:overworld
[01:34:12] [Server thread/INFO]: ThreadedAnvilChunkStorage (world): All chunks are saved
[01:34:12] [Server thread/INFO]: Saving chunks for level 'world'/minecraft:the_nether
[01:34:12] [Server thread/INFO]: ThreadedAnvilChunkStorage (DIM-1): All chunks are saved
[01:34:12] [Server thread/INFO]: Saving chunks for level 'world'/minecraft:the_end
[01:34:12] [Server thread/INFO]: ThreadedAnvilChunkStorage (DIM1): All chunks are saved
[01:34:12] [Server thread/INFO]: ThreadedAnvilChunkStorage (world): All chunks are saved
[01:34:13] [Server thread/INFO]: ThreadedAnvilChunkStorage (DIM-1): All chunks are saved
[01:34:13] [Server thread/INFO]: ThreadedAnvilChunkStorage (DIM1): All chunks are saved
